# Start Fri Feb 22 10:45:21 2013
#IN Humanoid0
#N neural_net sinecontroller
#N nn_end
# Recording every 1th dataset
# [Simulation Environment, $Id$][846930886]
#  cameraspeed=          100.000000  camera speed
#  fps=                   5.000000  frames per second
#  gravity=               -6.000000  strengh of gravity (-9.81 is earth gravity)
#  motionpersistence=      0.000000  motion blur strength
#  noise=                  0.010000  global noise strength
#  randomseed=           1361526320  random number seed (cmdline -r) (readonly)
#  realtimefactor=         1.000000  speed of simulation wrt. real time (0: full speed)
#  simstepsize=            0.010000  stepsize of the physical simulation (in seconds)
#  controlinterval=        3         interval in steps between subsequent controller calls
# ######
# [Humanoid0's Agent, ][1564292901]
# ######
# -[Humanoid0, 1.2][2083526671]
# - ankledamping=           0.010000  
# - anklejointlimit=        1.570796  
# - anklepower=             3.000000  
# - anklevelocity=         20.000000  
# - armdamping=             0.010000  
# - armjointlimit=          1.570796  
# - armpower=               8.000000  
# - armvelocity=           20.000000  
# - backdamping=            0.010000  
# - backjointlimit=         0.785398  
# - backpower=             20.000000  
# - backvelocity=          20.000000  
# - elbowdamping=           0.010000  
# - elbowjointlimit=        1.400000  
# - elbowpower=             4.000000  
# - elbowvelocity=         20.000000  
# - hip2damping=            0.010000  
# - hip2jointlimit=         0.800000  
# - hip2power=             20.000000  
# - hipdamping=             0.010000  
# - hipjointlimit=          2.100000  
# - hippower=              20.000000  
# - hipvelocity=           20.000000  
# - kneedamping=            0.010000  
# - kneejointlimit=         2.000000  
# - kneepower=             10.000000  
# - kneevelocity=          20.000000  
# - neckdamping=            0.010000  
# - neckjointlimit=         0.628319  
# - neckpower=              2.000000  
# - neckvelocity=          20.000000  
# - pelvisdamping=          0.010000  
# - pelvisjointlimit=       0.314159  
# - pelvispower=           20.000000  
# - pelvisvelocity=        20.000000  
# - powerfactor=            1.500000  global power factor for all motor
# - relforce=               1.000000  factor for arm force
# - stiffnessfactor=        0.000000  global stiffness factor for all motor (0-100)
# -######
# -[sinecontroller, $Id$][785774824]
# - amplitude=              1.000000  
# - period=                50.000000  
# - phaseshift=             1.000000  
# - controljoint=          -1         select specific channel. (-1 means use controlmask)
# -######
#I D t time (s)
#I [Humanoid0] D x[0] hip left sagital
#I [Humanoid0] D x[1] hip left lateral
#I [Humanoid0] D x[2] hip right sagital
#I [Humanoid0] D x[3] hip right lateral
#I [Humanoid0] D x[4] knee left
#I [Humanoid0] D x[5] knee right
#I [Humanoid0] D x[6] ankle left
#I [Humanoid0] D x[7] ankle right
#I [Humanoid0] D x[8] shoulder left lateral
#I [Humanoid0] D x[9] shoulder left sagital
#I [Humanoid0] D x[10] shoulder right lateral
#I [Humanoid0] D x[11] shoulder right sagital
#I [Humanoid0] D x[12] elbow left
#I [Humanoid0]inter D x[13] elbow right
#I [Humanoid0] D x[14] pelvis
#I [Humanoid0] D x[15] back (torsion)
#I [Humanoid0] D x[16] back (bend back/front)
#I [Humanoid0] D x[17] back (bend left/right)
#I [Humanoid0] D x[18] head (left/right)
#I [Humanoid0] D x[19] head (back/front)
#I [One2OneWiring] D x_ sensor values
#I [One2OneWiring] D y_ motor values (controller output)
#######
#C t y[0] y[1] y[2] y[3] y[4] y[5] y[6] y[7] y[8] y[9] y[10] y[11] y[12] y[13] y[14] y[15] y[16] y[17] y[18] y[19]
   0 0.0423 0.4564 0.5226 -0.0540 0.2703 -0.4582 -0.4423 -0.8278 -0.5384 0.2392 0.3056 0.9876 -0.6669 -0.5731 0.0350 -0.0640 -0.7461 0.0692 0.0051 -0.3470 
   1 0.0433 0.4308 0.5282 -0.0799 0.2575 -0.4730 -0.4419 -0.8208 -0.5449 0.2399 0.3014 1.0065 -0.6832 -0.6242 0.0339 -0.0591 -0.7486 0.0658 0.0040 -0.3455 
   2 0.0457 0.4034 0.5344 -0.1061 0.2416 -0.4896 -0.4405 -0.8134 -0.5516 0.2413 0.3002 1.0236 -0.7010 -0.6756 0.0328 -0.0532 -0.7507 0.0622 0.0028 -0.3441 
   3 0.0498 0.3752 0.5411 -0.1316 0.2229 -0.5079 -0.4381 -0.8059 -0.5584 0.2434 0.3024 1.0390 -0.7203 -0.7264 0.0319 -0.0466 -0.7526 0.0587 0.0014 -0.3429 
   4 0.0553 0.3470 0.5481 -0.1558 0.2018 -0.5277 -0.4347 -0.7983 -0.5652 0.2461 0.3077 1.0523 -0.7406 -0.7754 0.0312 -0.0393 -0.7542 0.0555 -0.0002 -0.3420 
   5 0.0625 0.3199 0.5555 -0.1781 0.1789 -0.5487 -0.4308 -0.7907 -0.5722 0.2491 0.3153 1.0627 -0.7613 -0.8194 0.0308 -0.0316 -0.7550 0.0528 -0.0019 -0.3415 
   6 0.0713 0.2941 0.5633 -0.1981 0.1546 -0.5705 -0.4269 -0.7830 -0.5793 0.2521 0.3242 1.0686 -0.7816 -0.8542 0.0308 -0.0234 -0.7543 0.0506 -0.0036 -0.3413 
   7 0.0814 0.2701 0.5713 -0.2156 0.1294 -0.5924 -0.4231 -0.7751 -0.5863 0.2548 0.3324 1.0689 -0.8008 -0.8783 0.0311 -0.0149 -0.7524 0.0488 -0.0052 -0.3415 
   8 0.0925 0.2478 0.5791 -0.2309 0.1040 -0.6133 -0.4197 -0.7668 -0.5931 0.2568 0.3379 1.0627 -0.8177 -0.8917 0.0314 -0.0060 -0.7491 0.0470 -0.0068 -0.3420 
   9 0.1044 0.2270 0.5866 -0.2441 0.0786 -0.6325 -0.4167 -0.7581 -0.5993 0.2573 0.3398 1.0511 -0.8315 -0.8960 0.0316 0.0030 -0.7448 0.0451 -0.0081 -0.3427 
  10 0.1166 0.2073 0.5935 -0.2558 0.0536 -0.6490 -0.4142 -0.7487 -0.6042 0.2556 0.3386 1.0361 -0.8415 -0.8931 0.0315 0.0118 -0.7397 0.0425 -0.0090 -0.3435 
  11 0.1288 0.1886 0.5994 -0.2664 0.0293 -0.6624 -0.4121 -0.7389 -0.6075 0.2512 0.3355 1.0207 -0.8471 -0.8858 0.0308 0.0200 -0.7341 0.0391 -0.0095 -0.3441 
  12 0.1410 0.1708 0.6043 -0.2760 0.0058 -0.6721 -0.4101 -0.7286 -0.6088 0.2437 0.3319 1.0077 -0.8482 -0.8777 0.0296 0.0272 -0.7280 0.0349 -0.0095 -0.3447 
  13 0.1533 0.1543 0.6081 -0.2848 -0.0168 -0.6780 -0.4084 -0.7175 -0.6081 0.2331 0.3297 0.9992 -0.8446 -0.8718 0.0279 0.0330 -0.7214 0.0301 -0.0089 -0.3450 
  14 0.1655 0.1391 0.6102 -0.2928 -0.0385 -0.6796 -0.4066 -0.7060 -0.6058 0.2195 0.3302 0.9964 -0.8361 -0.8710 0.0259 0.0372 -0.7145 0.0249 -0.0078 -0.3450 
  15 0.1774 0.1256 0.6105 -0.3001 -0.0594 -0.6769 -0.4046 -0.6944 -0.6026 0.2036 0.3334 0.9987 -0.8225 -0.8759 0.0237 0.0399 -0.7078 0.0198 -0.0064 -0.3448 
  16 0.1905 0.1134 0.6103 -0.3069 -0.0800 -0.6702 -0.4025 -0.6827 -0.5995 0.1862 0.3386 1.0044 -0.8043 -0.8838 0.0217 0.0414 -0.6990 0.0151 -0.0049 -0.3446 
  17 0.2041 0.1026 0.6089 -0.3135 -0.1004 -0.6594 -0.3998 -0.6709 -0.5973 0.1685 0.3452 1.0114 -0.7820 -0.8921 0.0199 0.0421 -0.6896 0.0110 -0.0035 -0.3443 
  18 0.2181 0.0929 0.6062 -0.3201 -0.1210 -0.6446 -0.3962 -0.6591 -0.5971 0.1514 0.3522 1.0179 -0.7562 -0.8992 0.0184 0.0427 -0.6801 0.0074 -0.0024 -0.3441 
  19 0.2310 0.0842 0.6011 -0.3271 -0.1415 -0.6254 -0.3915 -0.6472 -0.5990 0.1358 0.3587 1.0229 -0.7282 -0.9050 0.0173 0.0434 -0.6728 0.0045 -0.0016 -0.3441 
  20 0.2431 0.0768 0.5936 -0.3341 -0.1621 -0.6020 -0.3856 -0.6354 -0.6032 0.1223 0.3648 1.0264 -0.6990 -0.9101 0.0165 0.0446 -0.6687 0.0022 -0.0011 -0.3440 
  21 0.2538 0.0703 0.5834 -0.3415 -0.1828 -0.5745 -0.3786 -0.6239 -0.6092 0.1113 0.3704 1.0284 -0.6701 -0.9153 0.0160 0.0463 -0.6679 0.0005 -0.0010 -0.3439 
  22 0.2631 0.0644 0.5706 -0.3494 -0.2036 -0.5431 -0.3702 -0.6134 -0.6166 0.1026 0.3754 1.0293 -0.6423 -0.9210 0.0157 0.0485 -0.6705 -0.0009 -0.0009 -0.3437 
  23 0.2713 0.0590 0.5557 -0.3576 -0.2246 -0.5088 -0.3604 -0.6034 -0.6247 0.0962 0.3797 1.0292 -0.6164 -0.9275 0.0155 0.0511 -0.6756 -0.0020 -0.0009 -0.3435 
  24 0.2805 0.0538 0.5409 -0.3662 -0.2461 -0.4726 -0.3493 -0.5944 -0.6327 0.0913 0.3832 1.0283 -0.5924 -0.9347 0.0153 0.0537 -0.6796 -0.0030 -0.0009 -0.3432 
  25 0.2899 0.0488 0.5256 -0.3750 -0.2678 -0.4348 -0.3371 -0.5863 -0.6401 0.0876 0.3863 1.0269 -0.5696 -0.9417 0.0153 0.0561 -0.6832 -0.0037 -0.0008 -0.3430 
  26 0.3002 0.0436 0.5109 -0.3840 -0.2899 -0.3962 -0.3240 -0.5789 -0.6462 0.0847 0.3888 1.0248 -0.5471 -0.9480 0.0152 0.0581 -0.6846 -0.0043 -0.0006 -0.3428 
  27 0.3119 0.0382 0.4972 -0.3932 -0.3122 -0.3576 -0.3107 -0.5720 -0.6508 0.0825 0.3909 1.0221 -0.5242 -0.9530 0.0153 0.0594 -0.6832 -0.0047 -0.0005 -0.3427 
  28 0.3249 0.0325 0.4848 -0.4025 -0.3346 -0.3195 -0.2979 -0.5653 -0.6536 0.0808 0.3926 1.0187 -0.4998 -0.9564 0.0153 0.0599 -0.6791 -0.0049 -0.0003 -0.3427 
  29 0.3377 0.0267 0.4724 -0.4118 -0.3565 -0.2817 -0.2859 -0.5584 -0.6547 0.0801 0.3939 1.0149 -0.4737 -0.9581 0.0154 0.0597 -0.6740 -0.0049 -0.0003 -0.3428 
  30 0.3515 0.0209 0.4611 -0.4207 -0.3781 -0.2449 -0.2758 -0.5514 -0.6542 0.0806 0.3953 1.0107 -0.4456 -0.9582 0.0156 0.0588 -0.6668 -0.0048 -0.0003 -0.3430 
  31 0.3660 0.0149 0.4507 -0.4293 -0.3994 -0.2093 -0.2679 -0.5446 -0.6525 0.0826 0.3968 1.0064 -0.4163 -0.9572 0.0157 0.0576 -0.6580 -0.0048 -0.0004 -0.3433 
  32 0.3814 0.0087 0.4415 -0.4376 -0.4203 -0.1752 -0.2623 -0.5383 -0.6496 0.0864 0.3986 1.0019 -0.3859 -0.9554 0.0157 0.0564 -0.6469 -0.0050 -0.0006 -0.3435 
  33 0.3956 0.0024 0.4315 -0.4455 -0.4404 -0.1419 -0.2587 -0.5321 -0.6454 0.0920 0.4009 0.9975 -0.3554 -0.9536 0.0156 0.0556 -0.6367 -0.0055 -0.0008 -0.3437 
  34 0.4111 -0.0042 0.4232 -0.4529 -0.4603 -0.1106 -0.2572 -0.5266 -0.6398 0.0992 0.4036 0.9931 -0.3251 -0.9519 0.0154 0.0555 -0.6237 -0.0066 -0.0010 -0.3439 
  35 0.4270 -0.0107 0.4157 -0.4596 -0.4798 -0.0810 -0.2577 -0.5216 -0.6325 0.1077 0.4067 0.9889 -0.2956 -0.9505 0.0151 0.0563 -0.6095 -0.0081 -0.0012 -0.3439 
  36 0.4420 -0.0171 0.4076 -0.4655 -0.4986 -0.0527 -0.2596 -0.5166 -0.6233 0.1174 0.4102 0.9848 -0.2673 -0.9497 0.0146 0.0578 -0.5963 -0.0101 -0.0012 -0.3439 
  37 0.4561 -0.0232 0.3989 -0.4704 -0.5165 -0.0259 -0.2629 -0.5118 -0.6120 0.1280 0.4142 0.9811 -0.2405 -0.9490 0.0141 0.0601 -0.5842 -0.0124 -0.0013 -0.3437 
  38 0.4693 -0.0289 0.3895 -0.4742 -0.5339 -0.0002 -0.2671 -0.5068 -0.5990 0.1395 0.4186 0.9778 -0.2155 -0.9484 0.0135 0.0629 -0.5732 -0.0150 -0.0011 -0.3435 
  39 0.4814 -0.0342 0.3790 -0.4770 -0.5507 0.0245 -0.2720 -0.5016 -0.5843 0.1517 0.4237 0.9751 -0.1928 -0.9475 0.0129 0.0660 -0.5638 -0.0178 -0.0009 -0.3432 
  40 0.4932 -0.0393 0.3686 -0.4789 -0.5672 0.0480 -0.2773 -0.4964 -0.5684 0.1649 0.4295 0.9730 -0.1727 -0.9462 0.0122 0.0691 -0.5545 -0.0208 -0.0005 -0.3428 
  41 0.5047 -0.0442 0.3580 -0.4799 -0.5836 0.0706 -0.2825 -0.4905 -0.5518 0.1791 0.4359 0.9715 -0.1558 -0.9443 0.0114 0.0721 -0.5453 -0.0239 0.0000 -0.3423 
  42 0.5164 -0.0491 0.3479 -0.4802 -0.6001 0.0924 -0.2876 -0.4845 -0.5347 0.1944 0.4427 0.9706 -0.1423 -0.9418 0.0105 0.0748 -0.5357 -0.0271 0.0007 -0.3418 
  43 0.5267 -0.0538 0.3366 -0.4802 -0.6161 0.1146 -0.2921 -0.4781 -0.5173 0.2108 0.4499 0.9701 -0.1326 -0.9389 0.0096 0.0770 -0.5280 -0.0302 0.0013 -0.3412 
  44 0.5367 -0.0585 0.3253 -0.4800 -0.6319 0.1370 -0.2961 -0.4719 -0.4997 0.2281 0.4571 0.9697 -0.1272 -0.9357 0.0087 0.0787 -0.5207 -0.0333 0.0021 -0.3407 
  45 0.5467 -0.0631 0.3143 -0.4797 -0.6476 0.1596 -0.2998 -0.4660 -0.4821 0.2464 0.4643 0.9692 -0.1263 -0.9326 0.0077 0.0798 -0.5135 -0.0364 0.0029 -0.3402 
  46 0.5565 -0.0677 0.3036 -0.4795 -0.6633 0.1825 -0.3030 -0.4603 -0.4645 0.2654 0.4713 0.9685 -0.1307 -0.9298 0.0066 0.0804 -0.5066 -0.0394 0.0037 -0.3399 
  47 0.5663 -0.0722 0.2934 -0.4794 -0.6788 0.2056 -0.3056 -0.4552 -0.4470 0.2851 0.4782 0.9675 -0.1407 -0.9271 0.0055 0.0805 -0.4999 -0.0424 0.0045 -0.3396 
  48 0.5760 -0.0764 0.2835 -0.4793 -0.6939 0.2288 -0.3077 -0.4511 -0.4295 0.3050 0.4851 0.9663 -0.1567 -0.9246 0.0043 0.0803 -0.4935 -0.0454 0.0052 -0.3393 
  49 0.5857 -0.0803 0.2743 -0.4788 -0.7087 0.2515 -0.3089 -0.4474 -0.4121 0.3254 0.4921 0.9650 -0.1791 -0.9222 0.0030 0.0798 -0.4875 -0.0484 0.0060 -0.3391 
  50 0.5953 -0.0838 0.2657 -0.4777 -0.7229 0.2731 -0.3092 -0.4442 -0.3947 0.3457 0.4994 0.9635 -0.2076 -0.9197 0.0017 0.0790 -0.4818 -0.0514 0.0067 -0.3388 
  51 0.6050 -0.0866 0.2580 -0.4755 -0.7365 0.2930 -0.3086 -0.4410 -0.3776 0.3656 0.5071 0.9619 -0.2422 -0.9171 0.0004 0.0780 -0.4761 -0.0542 0.0074 -0.3385 
  52 0.6146 -0.0887 0.2511 -0.4719 -0.7493 0.3106 -0.3070 -0.4372 -0.3606 0.3851 0.5152 0.9602 -0.2825 -0.9141 -0.0009 0.0768 -0.4708 -0.0570 0.0080 -0.3382 
  53 0.6228 -0.0900 0.2434 -0.4668 -0.7607 0.3262 -0.3044 -0.4323 -0.3439 0.4038 0.5240 0.9587 -0.3283 -0.9107 -0.0022 0.0752 -0.4683 -0.0594 0.0086 -0.3378 
  54 0.6298 -0.0904 0.2352 -0.4603 -0.7707 0.3394 -0.3013 -0.4264 -0.3274 0.4215 0.5332 0.9571 -0.3789 -0.9073 -0.0034 0.0735 -0.4684 -0.0617 0.0092 -0.3374 
  55 0.6372 -0.0901 0.2289 -0.4520 -0.7801 0.3491 -0.2978 -0.4198 -0.3113 0.4380 0.5430 0.9555 -0.4339 -0.9037 -0.0046 0.0718 -0.4682 -0.0637 0.0097 -0.3371 
  56 0.6433 -0.0891 0.2221 -0.4421 -0.7883 0.3560 -0.2939 -0.4122 -0.2959 0.4532 0.5532 0.9539 -0.4924 -0.9001 -0.0058 0.0700 -0.4709 -0.0656 0.0102 -0.3368 
  57 0.6490 -0.0876 0.2165 -0.4307 -0.7960 0.3596 -0.2896 -0.4042 -0.2812 0.4671 0.5636 0.9520 -0.5535 -0.8969 -0.0070 0.0685 -0.4751 -0.0674 0.0106 -0.3366 
  58 0.6546 -0.0857 0.2125 -0.4180 -0.8034 0.3601 -0.2850 -0.3969 -0.2676 0.4793 0.5742 0.9498 -0.6162 -0.8937 -0.0081 0.0671 -0.4804 -0.0691 0.0110 -0.3364 
  59 0.6605 -0.0835 0.2106 -0.4040 -0.8108 0.3572 -0.2799 -0.3905 -0.2551 0.4902 0.5848 0.9471 -0.6799 -0.8910 -0.0093 0.0661 -0.4864 -0.0709 0.0114 -0.3362 
  60 0.6667 -0.0809 0.2110 -0.3889 -0.8185 0.3511 -0.2744 -0.3847 -0.2442 0.4998 0.5951 0.9438 -0.7435 -0.8884 -0.0104 0.0653 -0.4932 -0.0725 0.0117 -0.3360 
  61 0.6730 -0.0779 0.2134 -0.3733 -0.8264 0.3421 -0.2686 -0.3796 -0.2349 0.5077 0.6053 0.9398 -0.8066 -0.8859 -0.0115 0.0645 -0.5006 -0.0740 0.0120 -0.3358 
  62 0.6803 -0.0741 0.2184 -0.3575 -0.8345 0.3307 -0.2626 -0.3750 -0.2273 0.5140 0.6153 0.9350 -0.8688 -0.8835 -0.0124 0.0635 -0.5067 -0.0752 0.0122 -0.3355 
  63 0.6870 -0.0693 0.2239 -0.3416 -0.8423 0.3178 -0.2566 -0.3701 -0.2218 0.5187 0.6252 0.9295 -0.9301 -0.8809 -0.0131 0.0619 -0.5136 -0.0757 0.0123 -0.3352 
  64 0.6923 -0.0627 0.2285 -0.3255 -0.8492 0.3039 -0.2511 -0.3646 -0.2183 0.5215 0.6350 0.9234 -0.9899 -0.8780 -0.0135 0.0601 -0.5222 -0.0756 0.0123 -0.3349 
  65 0.6979 -0.0543 0.2342 -0.3090 -0.8556 0.2885 -0.2463 -0.3602 -0.2162 0.5222 0.6450 0.9170 -1.0465 -0.8743 -0.0136 0.0586 -0.5287 -0.0748 0.0122 -0.3345 
  66 0.7026 -0.0440 0.2393 -0.2919 -0.8609 0.2723 -0.2424 -0.3571 -0.2146 0.5205 0.6552 0.9104 -1.0977 -0.8694 -0.0133 0.0576 -0.5351 -0.0736 0.0120 -0.3341 
  67 0.7065 -0.0317 0.2435 -0.2743 -0.8652 0.2556 -0.2392 -0.3555 -0.2121 0.5162 0.6658 0.9043 -1.1416 -0.8628 -0.0126 0.0575 -0.5416 -0.0719 0.0117 -0.3337 
  68 0.7109 -0.0176 0.2483 -0.2564 -0.8685 0.2381 -0.2365 -0.3550 -0.2074 0.5093 0.6768 0.8990 -1.1763 -0.8537 -0.0116 0.0584 -0.5463 -0.0699 0.0114 -0.3334 
  69 0.7155 -0.0020 0.2533 -0.2384 -0.8707 0.2204 -0.2339 -0.3539 -0.2007 0.5003 0.6883 0.8946 -1.1996 -0.8417 -0.0103 0.0598 -0.5500 -0.0675 0.0111 -0.3331 
  70 0.7205 0.0149 0.2587 -0.2206 -0.8715 0.2030 -0.2308 -0.3502 -0.1934 0.4899 0.7000 0.8912 -1.2100 -0.8264 -0.0087 0.0615 -0.5531 -0.0648 0.0108 -0.3331 
  71 0.7260 0.0326 0.2642 -0.2036 -0.8706 0.1865 -0.2266 -0.3428 -0.1875 0.4788 0.7121 0.8886 -1.2075 -0.8074 -0.0070 0.0627 -0.5562 -0.0615 0.0105 -0.3331 
  72 0.7314 0.0509 0.2694 -0.1873 -0.8674 0.1716 -0.2208 -0.3309 -0.1848 0.4677 0.7240 0.8861 -1.1932 -0.7849 -0.0051 0.0630 -0.5601 -0.0576 0.0102 -0.3331 
  73 0.7363 0.0695 0.2737 -0.1718 -0.8618 0.1593 -0.2131 -0.3139 -0.1869 0.4573 0.7357 0.8832 -1.1696 -0.7588 -0.0030 0.0619 -0.5656 -0.0529 0.0098 -0.3332 
  74 0.7403 0.0885 0.2764 -0.1565 -0.8535 0.1493 -0.2038 -0.2925 -0.1934 0.4477 0.7466 0.8793 -1.1407 -0.7295 -0.0008 0.0592 -0.5736 -0.0474 0.0094 -0.3330 
  75 0.7430 0.1077 0.2777 -0.1409 -0.8425 0.1412 -0.1929 -0.2685 -0.2030 0.4393 0.7565 0.8739 -1.1102 -0.6969 0.0015 0.0553 -0.5838 -0.0412 0.0089 -0.3326 
  76 0.7449 0.1269 0.2783 -0.1250 -0.8291 0.1343 -0.1809 -0.2439 -0.2143 0.4320 0.7650 0.8670 -1.0813 -0.6614 0.0039 0.0505 -0.5949 -0.0348 0.0085 -0.3319 
  77 0.7454 0.1459 0.2776 -0.1089 -0.8133 0.1286 -0.1681 -0.2203 -0.2260 0.4257 0.7719 0.8584 -1.0562 -0.6233 0.0062 0.0450 -0.6077 -0.0282 0.0080 -0.3312 
  78 0.7456 0.1645 0.2772 -0.0929 -0.7959 0.1232 -0.1552 -0.1993 -0.2368 0.4202 0.7768 0.8485 -1.0360 -0.5829 0.0084 0.0390 -0.6192 -0.0218 0.0076 -0.3305 
  79 0.7457 0.1822 0.2776 -0.0773 -0.7769 0.1177 -0.1423 -0.1815 -0.2467 0.4153 0.7796 0.8378 -1.0200 -0.5411 0.0104 0.0326 -0.6285 -0.0158 0.0073 -0.3301 
  80 0.7454 0.1990 0.2790 -0.0627 -0.7564 0.1120 -0.1297 -0.1671 -0.2560 0.4109 0.7802 0.8266 -1.0066 -0.4985 0.0122 0.0262 -0.6356 -0.0103 0.0070 -0.3301 
  81 0.7446 0.2145 0.2815 -0.0495 -0.7342 0.1061 -0.1173 -0.1565 -0.2653 0.4069 0.7787 0.8156 -0.9941 -0.4561 0.0136 0.0200 -0.6400 -0.0055 0.0068 -0.3304 
  82 0.7421 0.2287 0.2842 -0.0382 -0.7101 0.1000 -0.1049 -0.1493 -0.2748 0.4035 0.7752 0.8051 -0.9819 -0.4150 0.0146 0.0143 -0.6436 -0.0015 0.0067 -0.3312 
  83 0.7382 0.2414 0.2877 -0.0290 -0.6842 0.0933 -0.0923 -0.1447 -0.2846 0.4006 0.7700 0.7954 -0.9702 -0.3759 0.0154 0.0094 -0.6456 0.0016 0.0066 -0.3322 
  84 0.7343 0.2524 0.2935 -0.0217 -0.6574 0.0846 -0.0794 -0.1398 -0.2947 0.3985 0.7631 0.7867 -0.9590 -0.3395 0.0158 0.0061 -0.6435 0.0036 0.0065 -0.3332 
  85 0.7299 0.2621 0.3010 -0.0161 -0.6298 0.0734 -0.0658 -0.1319 -0.3045 0.3968 0.7545 0.7789 -0.9486 -0.3060 0.0160 0.0046 -0.6385 0.0046 0.0063 -0.3342 
  86 0.7254 0.2705 0.3106 -0.0118 -0.6020 0.0586 -0.0513 -0.1188 -0.3139 0.3957 0.7442 0.7721 -0.9395 -0.2755 0.0160 0.0052 -0.6305 0.0047 0.0060 -0.3350 
  87 0.7207 0.2780 0.3221 -0.0085 -0.5741 0.0401 -0.0356 -0.0989 -0.3226 0.3950 0.7318 0.7659 -0.9318 -0.2480 0.0158 0.0080 -0.6200 0.0039 0.0057 -0.3356 
  88 0.7155 0.2850 0.3347 -0.0058 -0.5462 0.0185 -0.0188 -0.0719 -0.3305 0.3946 0.7172 0.7602 -0.9253 -0.2233 0.0156 0.0127 -0.6086 0.0025 0.0052 -0.3360 
  89 0.7091 0.2918 0.3475 -0.0034 -0.5179 -0.0054 -0.0008 -0.0389 -0.3378 0.3943 0.6999 0.7550 -0.9195 -0.2016 0.0154 0.0186 -0.5980 0.0007 0.0046 -0.3364 
  90 0.7010 0.2989 0.3596 -0.0012 -0.4889 -0.0301 0.0176 -0.0020 -0.3446 0.3942 0.6800 0.7504 -0.9143 -0.1826 0.0152 0.0252 -0.5897 -0.0011 0.0039 -0.3367 
  91 0.6913 0.3064 0.3707 0.0011 -0.4590 -0.0546 0.0361 0.0362 -0.3510 0.3941 0.6576 0.7467 -0.9095 -0.1668 0.0151 0.0315 -0.5841 -0.0027 0.0031 -0.3370 
  92 0.6790 0.3146 0.3798 0.0034 -0.4279 -0.0777 0.0539 0.0732 -0.3571 0.3938 0.6331 0.7442 -0.9051 -0.1542 0.0152 0.0371 -0.5829 -0.0037 0.0023 -0.3373 
  93 0.6637 0.3236 0.3861 0.0060 -0.3954 -0.0982 0.0702 0.1064 -0.3629 0.3934 0.6072 0.7434 -0.9013 -0.1452 0.0154 0.0412 -0.5870 -0.0040 0.0016 -0.3375 
  94 0.6472 0.3331 0.3914 0.0087 -0.3624 -0.1162 0.0844 0.1343 -0.3685 0.3926 0.5803 0.7444 -0.8979 -0.1399 0.0157 0.0437 -0.5930 -0.0035 0.0008 -0.3376 
  95 0.6300 0.3429 0.3958 0.0116 -0.3294 -0.1317 0.0963 0.1567 -0.3738 0.3914 0.5532 0.7475 -0.8952 -0.1384 0.0161 0.0446 -0.6003 -0.0024 0.0002 -0.3377 
  96 0.6123 0.3528 0.3994 0.0148 -0.2967 -0.1449 0.1063 0.1738 -0.3789 0.3899 0.5263 0.7527 -0.8930 -0.1403 0.0167 0.0438 -0.6085 -0.0005 -0.0004 -0.3377 
  97 0.5943 0.3627 0.4026 0.0183 -0.2646 -0.1561 0.1149 0.1865 -0.3838 0.3881 0.4998 0.7598 -0.8913 -0.1457 0.0174 0.0417 -0.6169 0.0019 -0.0010 -0.3377 
  98 0.5763 0.3725 0.4055 0.0218 -0.2334 -0.1654 0.1227 0.1955 -0.3886 0.3861 0.4738 0.7685 -0.8900 -0.1547 0.0183 0.0385 -0.6251 0.0049 -0.0014 -0.3378 
  99 0.5583 0.3820 0.4083 0.0255 -0.2032 -0.1728 0.1305 0.2016 -0.3933 0.3839 0.4482 0.7785 -0.8887 -0.1672 0.0192 0.0344 -0.6330 0.0082 -0.0019 -0.3379 
 100 0.5407 0.3909 0.4113 0.0291 -0.1741 -0.1788 0.1382 0.2058 -0.3980 0.3816 0.4230 0.7894 -0.8874 -0.1831 0.0202 0.0298 -0.6399 0.0118 -0.0024 -0.3382 
 101 0.5234 0.3991 0.4147 0.0325 -0.1461 -0.1836 0.1464 0.2088 -0.4028 0.3794 0.3980 0.8009 -0.8860 -0.2023 0.0213 0.0249 -0.6455 0.0156 -0.0030 -0.3386 
 102 0.5064 0.4064 0.4187 0.0355 -0.1192 -0.1875 0.1547 0.2110 -0.4078 0.3774 0.3733 0.8128 -0.8845 -0.2247 0.0224 0.0202 -0.6501 0.0194 -0.0037 -0.3392 
 103 0.4898 0.4127 0.4235 0.0382 -0.0934 -0.1910 0.1628 0.2132 -0.4129 0.3755 0.3491 0.8249 -0.8828 -0.2501 0.0235 0.0160 -0.6532 0.0231 -0.0045 -0.3398 
 104 0.4735 0.4179 0.4291 0.0404 -0.0686 -0.1943 0.1703 0.2154 -0.4183 0.3739 0.3255 0.8371 -0.8811 -0.2780 0.0246 0.0126 -0.6552 0.0265 -0.0054 -0.3404 
 105 0.4575 0.4222 0.4355 0.0421 -0.0449 -0.1976 0.1768 0.2175 -0.4241 0.3727 0.3029 0.8494 -0.8792 -0.3080 0.0257 0.0102 -0.6560 0.0296 -0.0065 -0.3411 
 106 0.4419 0.4253 0.4428 0.0433 -0.0224 -0.2012 0.1824 0.2197 -0.4301 0.3716 0.2815 0.8617 -0.8773 -0.3394 0.0267 0.0090 -0.6556 0.0324 -0.0076 -0.3417 
 107 0.4248 0.4278 0.4493 0.0440 -0.0004 -0.2046 0.1872 0.2222 -0.4364 0.3706 0.2615 0.8740 -0.8755 -0.3719 0.0277 0.0088 -0.6572 0.0349 -0.0088 -0.3423 
 108 0.4083 0.4291 0.4568 0.0443 0.0203 -0.2085 0.1909 0.2247 -0.4429 0.3695 0.2432 0.8860 -0.8736 -0.4053 0.0286 0.0095 -0.6575 0.0370 -0.0100 -0.3429 
 109 0.3902 0.4298 0.4633 0.0442 0.0404 -0.2123 0.1941 0.2273 -0.4496 0.3682 0.2265 0.8977 -0.8717 -0.4396 0.0295 0.0109 -0.6601 0.0389 -0.0111 -0.3434 
 110 0.3714 0.4298 0.4692 0.0439 0.0594 -0.2162 0.1970 0.2299 -0.4566 0.3667 0.2115 0.9089 -0.8695 -0.4750 0.0304 0.0128 -0.6640 0.0406 -0.0123 -0.3440 
 111 0.3522 0.4289 0.4749 0.0433 0.0772 -0.2203 0.1998 0.2324 -0.4637 0.3651 0.1980 0.9195 -0.8672 -0.5119 0.0313 0.0149 -0.6687 0.0422 -0.0134 -0.3445 
 112 0.3329 0.4273 0.4803 0.0426 0.0937 -0.2246 0.2024 0.2345 -0.4712 0.3634 0.1859 0.9295 -0.8646 -0.5508 0.0321 0.0171 -0.6740 0.0438 -0.0143 -0.3452 
 113 0.3141 0.4248 0.4859 0.0419 0.1086 -0.2292 0.2049 0.2365 -0.4789 0.3617 0.1753 0.9387 -0.8619 -0.5917 0.0330 0.0193 -0.6791 0.0453 -0.0152 -0.3459 
 114 0.2962 0.4217 0.4919 0.0414 0.1221 -0.2344 0.2067 0.2385 -0.4870 0.3600 0.1661 0.9466 -0.8592 -0.6318 0.0338 0.0214 -0.6836 0.0467 -0.0159 -0.3467 
 115 0.2797 0.4179 0.4986 0.0413 0.1341 -0.2402 0.2074 0.2403 -0.4954 0.3584 0.1584 0.9524 -0.8567 -0.6686 0.0346 0.0234 -0.6871 0.0481 -0.0165 -0.3475 
 116 0.2655 0.4134 0.5068 0.0415 0.1447 -0.2470 0.2066 0.2423 -0.5039 0.3565 0.1518 0.9553 -0.8545 -0.7003 0.0353 0.0252 -0.6883 0.0493 -0.0169 -0.3484 
 117 0.2516 0.4089 0.5144 0.0421 0.1547 -0.2537 0.2047 0.2445 -0.5124 0.3543 0.1461 0.9548 -0.8528 -0.7247 0.0359 0.0267 -0.6907 0.0505 -0.0171 -0.3492 
 118 0.2405 0.4039 0.5235 0.0428 0.1637 -0.2614 0.2014 0.2470 -0.5205 0.3514 0.1414 0.9507 -0.8516 -0.7404 0.0364 0.0280 -0.6912 0.0515 -0.0173 -0.3501 
 119 0.2309 0.3988 0.5330 0.0436 0.1721 -0.2696 0.1974 0.2500 -0.5279 0.3476 0.1377 0.9433 -0.8511 -0.7480 0.0368 0.0290 -0.6915 0.0524 -0.0173 -0.3507 
 120 0.2233 0.3938 0.5431 0.0444 0.1798 -0.2784 0.1934 0.2534 -0.5344 0.3424 0.1351 0.9337 -0.8514 -0.7490 0.0370 0.0295 -0.6916 0.0530 -0.0172 -0.3512 
 121 0.2179 0.3888 0.5538 0.0453 0.1870 -0.2878 0.1898 0.2571 -0.5394 0.3359 0.1339 0.9230 -0.8526 -0.7458 0.0370 0.0296 -0.6911 0.0534 -0.0169 -0.3513 
 122 0.2148 0.3837 0.5650 0.0462 0.1934 -0.2976 0.1873 0.2608 -0.5429 0.3276 0.1343 0.9124 -0.8548 -0.7412 0.0368 0.0293 -0.6901 0.0535 -0.0164 -0.3512 
 123 0.2135 0.3785 0.5766 0.0471 0.1992 -0.3075 0.1858 0.2643 -0.5448 0.3177 0.1366 0.9034 -0.8580 -0.7386 0.0364 0.0286 -0.6889 0.0533 -0.0156 -0.3508 
 124 0.2141 0.3731 0.5883 0.0483 0.2042 -0.3174 0.1854 0.2676 -0.5453 0.3061 0.1406 0.8964 -0.8620 -0.7395 0.0359 0.0276 -0.6877 0.0528 -0.0146 -0.3501 
 125 0.2160 0.3675 0.5999 0.0499 0.2083 -0.3270 0.1861 0.2704 -0.5450 0.2933 0.1463 0.8914 -0.8666 -0.7437 0.0353 0.0265 -0.6871 0.0521 -0.0135 -0.3494 
 126 0.2187 0.3617 0.6107 0.0521 0.2113 -0.3360 0.1877 0.2728 -0.5444 0.2795 0.1528 0.8881 -0.8713 -0.7521 0.0346 0.0253 -0.6879 0.0514 -0.0123 -0.3486 
 127 0.2217 0.3556 0.6204 0.0545 0.2127 -0.3442 0.1900 0.2751 -0.5445 0.2651 0.1594 0.8858 -0.8761 -0.7644 0.0340 0.0241 -0.6909 0.0507 -0.0112 -0.3479 
 128 0.2250 0.3493 0.6286 0.0567 0.2121 -0.3516 0.1925 0.2771 -0.5457 0.2507 0.1654 0.8837 -0.8804 -0.7800 0.0335 0.0230 -0.6961 0.0501 -0.0101 -0.3473 
 129 0.2286 0.3427 0.6354 0.0582 0.2090 -0.3583 0.1942 0.2791 -0.5485 0.2364 0.1703 0.8814 -0.8841 -0.7981 0.0329 0.0219 -0.7037 0.0496 -0.0093 -0.3467 
 130 0.2329 0.3355 0.6410 0.0585 0.2027 -0.3643 0.1944 0.2811 -0.5530 0.2223 0.1742 0.8789 -0.8868 -0.8174 0.0324 0.0207 -0.7128 0.0491 -0.0086 -0.3461 
 131 0.2373 0.3275 0.6451 0.0576 0.1933 -0.3691 0.1930 0.2829 -0.5590 0.2084 0.1775 0.8760 -0.8881 -0.8369 0.0318 0.0192 -0.7239 0.0485 -0.0080 -0.3453 
 132 0.2426 0.3186 0.6483 0.0549 0.1805 -0.3731 0.1899 0.2844 -0.5661 0.1943 0.1806 0.8730 -0.8876 -0.8556 0.0310 0.0174 -0.7382 0.0476 -0.0075 -0.3445 
 133 0.2485 0.3084 0.6509 0.0506 0.1642 -0.3763 0.1857 0.2856 -0.5736 0.1797 0.1842 0.8702 -0.8845 -0.8727 0.0299 0.0152 -0.7501 0.0463 -0.0069 -0.3436 
 134 0.2551 0.2968 0.6533 0.0444 0.1446 -0.3790 0.1813 0.2864 -0.5809 0.1642 0.1891 0.8680 -0.8782 -0.8876 0.0285 0.0129 -0.7615 0.0443 -0.0062 -0.3426 
 135 0.2628 0.2839 0.6561 0.0364 0.1219 -0.3814 0.1774 0.2869 -0.5877 0.1478 0.1954 0.8664 -0.8681 -0.9001 0.0269 0.0108 -0.7717 0.0416 -0.0053 -0.3417 
 136 0.2713 0.2699 0.6594 0.0269 0.0966 -0.3834 0.1750 0.2871 -0.5939 0.1304 0.2031 0.8654 -0.8538 -0.9102 0.0250 0.0092 -0.7806 0.0381 -0.0042 -0.3408 
 137 0.2809 0.2550 0.6634 0.0159 0.0691 -0.3855 0.1746 0.2871 -0.5993 0.1125 0.2118 0.8648 -0.8353 -0.9181 0.0229 0.0086 -0.7876 0.0339 -0.0030 -0.3400 
 138 0.2907 0.2399 0.6674 0.0036 0.0402 -0.3873 0.1763 0.2870 -0.6042 0.0945 0.2208 0.8642 -0.8128 -0.9242 0.0209 0.0092 -0.7941 0.0293 -0.0017 -0.3391 
 139 0.3009 0.2246 0.6717 -0.0098 0.0104 -0.3889 0.1796 0.2869 -0.6091 0.0772 0.2295 0.8635 -0.7866 -0.9288 0.0188 0.0113 -0.7999 0.0244 -0.0005 -0.3383 
 140 0.3118 0.2097 0.6763 -0.0242 -0.0198 -0.3902 0.1837 0.2868 -0.6143 0.0616 0.2375 0.8624 -0.7565 -0.9321 0.0169 0.0151 -0.8047 0.0192 0.0007 -0.3373 
 141 0.3227 0.1952 0.6807 -0.0394 -0.0494 -0.3908 0.1882 0.2864 -0.6199 0.0483 0.2446 0.8610 -0.7230 -0.9343 0.0151 0.0206 -0.8095 0.0138 0.0016 -0.3363 
 142 0.3338 0.1812 0.6852 -0.0554 -0.0784 -0.3908 0.1927 0.2858 -0.6259 0.0376 0.2507 0.8591 -0.6863 -0.9355 0.0134 0.0277 -0.8139 0.0084 0.0024 -0.3352 
 143 0.3463 0.1675 0.6910 -0.0723 -0.1070 -0.3907 0.1970 0.2849 -0.6322 0.0296 0.2562 0.8568 -0.6472 -0.9355 0.0118 0.0365 -0.8154 0.0029 0.0029 -0.3343 
 144 0.3599 0.1538 0.6978 -0.0900 -0.1351 -0.3905 0.2010 0.2839 -0.6383 0.0242 0.2613 0.8540 -0.6062 -0.9346 0.0103 0.0468 -0.8143 -0.0028 0.0032 -0.3334 
 145 0.3744 0.1399 0.7054 -0.1086 -0.1633 -0.3904 0.2052 0.2831 -0.6438 0.0213 0.2664 0.8511 -0.5642 -0.9327 0.0089 0.0582 -0.8106 -0.0085 0.0034 -0.3326 
 146 0.3895 0.1256 0.7136 -0.1281 -0.1914 -0.3900 0.2098 0.2828 -0.6487 0.0207 0.2717 0.8480 -0.5220 -0.9299 0.0076 0.0701 -0.8044 -0.0142 0.0034 -0.3320 
 147 0.4050 0.1109 0.7220 -0.1483 -0.2198 -0.3892 0.2153 0.2831 -0.6523 0.0221 0.2774 0.8449 -0.4811 -0.9265 0.0065 0.0822 -0.7955 -0.0197 0.0032 -0.3314 
 148 0.4197 0.0960 0.7293 -0.1689 -0.2482 -0.3875 0.2217 0.2841 -0.6546 0.0253 0.2833 0.8417 -0.4423 -0.9227 0.0057 0.0938 -0.7859 -0.0247 0.0030 -0.3308 
 149 0.4335 0.0812 0.7351 -0.1895 -0.2763 -0.3846 0.2291 0.2856 -0.6553 0.0300 0.2892 0.8387 -0.4061 -0.9187 0.0052 0.1043 -0.7759 -0.0291 0.0028 -0.3302 
 150 0.4462 0.0668 0.7388 -0.2097 -0.3039 -0.3801 0.2367 0.2872 -0.6543 0.0364 0.2950 0.8359 -0.3729 -0.9147 0.0051 0.1135 -0.7659 -0.0327 0.0026 -0.3296 
 151 0.4580 0.0534 0.7404 -0.2294 -0.3309 -0.3738 0.2440 0.2888 -0.6513 0.0441 0.3004 0.8334 -0.3425 -0.9110 0.0053 0.1212 -0.7560 -0.0354 0.0025 -0.3289 
 152 0.4685 0.0411 0.7391 -0.2482 -0.3569 -0.3656 0.2508 0.2901 -0.6459 0.0530 0.3050 0.8312 -0.3150 -0.9078 0.0058 0.1272 -0.7471 -0.0371 0.0023 -0.3283 
 153 0.4790 0.0300 0.7360 -0.2659 -0.3824 -0.3557 0.2564 0.2910 -0.6381 0.0627 0.3086 0.8293 -0.2906 -0.9054 0.0067 0.1320 -0.7349 -0.0383 0.0022 -0.3278 
 154 0.4897 0.0202 0.7311 -0.2822 -0.4074 -0.3439 0.2608 0.2914 -0.6277 0.0732 0.3111 0.8277 -0.2698 -0.9042 0.0079 0.1351 -0.7249 -0.0386 0.0020 -0.3273 
 155 0.5003 0.0117 0.7239 -0.2972 -0.4319 -0.3303 0.2642 0.2913 -0.6147 0.0844 0.3124 0.8264 -0.2531 -0.9045 0.0093 0.1368 -0.7152 -0.0383 0.0018 -0.3270 
 156 0.5111 0.0044 0.7147 -0.3109 -0.4561 -0.3146 0.2669 0.2910 -0.5994 0.0963 0.3127 0.8256 -0.2411 -0.9062 0.0108 0.1375 -0.7056 -0.0373 0.0016 -0.3268 
 157 0.5218 -0.0019 0.7033 -0.3232 -0.4801 -0.2971 0.2693 0.2906 -0.5822 0.1090 0.3123 0.8253 -0.2346 -0.9094 0.0125 0.1372 -0.6966 -0.0359 0.0013 -0.3266 
 158 0.5327 -0.0073 0.6899 -0.3341 -0.5039 -0.2776 0.2716 0.2901 -0.5633 0.1225 0.3114 0.8255 -0.2344 -0.9137 0.0143 0.1360 -0.6882 -0.0341 0.0010 -0.3264 
 159 0.5437 -0.0120 0.6747 -0.3437 -0.5273 -0.2565 0.2741 0.2897 -0.5430 0.1369 0.3105 0.8262 -0.2407 -0.9186 0.0162 0.1342 -0.6799 -0.0319 0.0008 -0.3261 
 160 0.5550 -0.0160 0.6582 -0.3521 -0.5501 -0.2338 0.2765 0.2895 -0.5217 0.1522 0.3101 0.8274 -0.2538 -0.9235 0.0180 0.1318 -0.6716 -0.0297 0.0005 -0.3259 
 161 0.5654 -0.0194 0.6394 -0.3593 -0.5720 -0.2093 0.2791 0.2897 -0.4996 0.1684 0.3108 0.8291 -0.2736 -0.9279 0.0198 0.1288 -0.6648 -0.0273 0.0004 -0.3257 
 162 0.5755 -0.0225 0.6191 -0.3655 -0.5929 -0.1835 0.2820 0.2903 -0.4768 0.1852 0.3129 0.8314 -0.2996 -0.9313 0.0215 0.1254 -0.6586 -0.0251 0.0003 -0.3254 
 163 0.5851 -0.0254 0.5976 -0.3709 -0.6126 -0.1567 0.2850 0.2911 -0.4534 0.2023 0.3168 0.8343 -0.3311 -0.9336 0.0230 0.1219 -0.6526 -0.0230 0.0003 -0.3252 
 164 0.5952 -0.0284 0.5761 -0.3752 -0.6316 -0.1293 0.2878 0.2921 -0.4295 0.2193 0.3224 0.8378 -0.3672 -0.9348 0.0244 0.1185 -0.6452 -0.0215 0.0005 -0.3250 
 165 0.6054 -0.0318 0.5548 -0.3789 -0.6498 -0.1018 0.2905 0.2931 -0.4055 0.2356 0.3300 0.8415 -0.4068 -0.9349 0.0254 0.1154 -0.6365 -0.0206 0.0007 -0.3249 
 166 0.6152 -0.0353 0.5331 -0.3821 -0.6672 -0.0739 0.2930 0.2941 -0.3814 0.2509 0.3390 0.8457 -0.4485 -0.9343 0.0262 0.1127 -0.6277 -0.0202 0.0011 -0.3248 
 167 0.6251 -0.0396 0.5122 -0.3848 -0.6836 -0.0465 0.2952 0.2947 -0.3575 0.2650 0.3493 0.8501 -0.4914 -0.9332 0.0266 0.1105 -0.6172 -0.0206 0.0016 -0.3249 
 168 0.6347 -0.0446 0.4916 -0.3873 -0.6990 -0.0195 0.2966 0.2952 -0.3343 0.2779 0.3603 0.8548 -0.5342 -0.9315 0.0268 0.1087 -0.6061 -0.0216 0.0021 -0.3250 
 169 0.6445 -0.0503 0.4722 -0.3894 -0.7135 0.0066 0.2972 0.2954 -0.3119 0.2896 0.3716 0.8596 -0.5764 -0.9296 0.0267 0.1075 -0.5932 -0.0233 0.0028 -0.3250 
 170 0.6545 -0.0570 0.4541 -0.3912 -0.7271 0.0314 0.2968 0.2954 -0.2906 0.3004 0.3827 0.8645 -0.6177 -0.9273 0.0263 0.1067 -0.5786 -0.0257 0.0035 -0.3250 
 171 0.6638 -0.0641 0.4362 -0.3927 -0.7396 0.0554 0.2954 0.2954 -0.2706 0.3105 0.3934 0.8695 -0.6585 -0.9246 0.0256 0.1060 -0.5643 -0.0284 0.0043 -0.3249 
 172 0.6725 -0.0718 0.4183 -0.3939 -0.7511 0.0784 0.2935 0.2955 -0.2522 0.3201 0.4035 0.8744 -0.6993 -0.9215 0.0248 0.1052 -0.5509 -0.0315 0.0052 -0.3247 
 173 0.6800 -0.0795 0.3997 -0.3946 -0.7618 0.1005 0.2917 0.2957 -0.2354 0.3295 0.4131 0.8792 -0.7414 -0.9178 0.0239 0.1042 -0.5397 -0.0346 0.0062 -0.3245 
 174 0.6870 -0.0872 0.3809 -0.3944 -0.7722 0.1213 0.2899 0.2958 -0.2203 0.3389 0.4222 0.8838 -0.7860 -0.9133 0.0228 0.1028 -0.5300 -0.0376 0.0071 -0.3242 
 175 0.6945 -0.0949 0.3632 -0.3929 -0.7828 0.1401 0.2879 0.2954 -0.2070 0.3479 0.4310 0.8880 -0.8345 -0.9078 0.0217 0.1012 -0.5199 -0.0407 0.0081 -0.3238 
 176 0.7017 -0.1019 0.3451 -0.3900 -0.7939 0.1574 0.2860 0.2949 -0.1948 0.3558 0.4398 0.8917 -0.8863 -0.9013 0.0206 0.0992 -0.5117 -0.0436 0.0090 -0.3234 
 177 0.7082 -0.1083 0.3266 -0.3858 -0.8051 0.1729 0.2849 0.2942 -0.1823 0.3615 0.4487 0.8950 -0.9368 -0.8940 0.0195 0.0967 -0.5056 -0.0462 0.0099 -0.3230 
 178 0.7143 -0.1140 0.3081 -0.3799 -0.8163 0.1865 0.2840 0.2932 -0.1687 0.3634 0.4579 0.8983 -0.9807 -0.8861 0.0184 0.0939 -0.5016 -0.0486 0.0108 -0.3225 
 179 0.7209 -0.1191 0.2908 -0.3723 -0.8278 0.1977 0.2830 0.2918 -0.1537 0.3607 0.4676 0.9015 -1.0139 -0.8777 0.0174 0.0908 -0.4980 -0.0508 0.0117 -0.3220 
 180 0.7274 -0.1235 0.2742 -0.3632 -0.8390 0.2069 0.2813 0.2903 -0.1376 0.3532 0.4778 0.9046 -1.0332 -0.8687 0.0164 0.0878 -0.4960 -0.0529 0.0126 -0.3216 
 181 0.7341 -0.1273 0.2588 -0.3527 -0.8501 0.2142 0.2787 0.2889 -0.1215 0.3415 0.4881 0.9075 -1.0373 -0.8593 0.0155 0.0850 -0.4954 -0.0549 0.0135 -0.3211 
 182 0.7407 -0.1303 0.2444 -0.3410 -0.8607 0.2198 0.2753 0.2874 -0.1077 0.3267 0.4983 0.9093 -1.0275 -0.8491 0.0148 0.0829 -0.4972 -0.0567 0.0142 -0.3207 
 183 0.7470 -0.1326 0.2308 -0.3286 -0.8705 0.2242 0.2711 0.2862 -0.0974 0.3105 0.5082 0.9097 -1.0070 -0.8384 0.0141 0.0816 -0.5012 -0.0582 0.0148 -0.3204 
 184 0.7528 -0.1341 0.2179 -0.3154 -0.8793 0.2277 0.2666 0.2854 -0.0915 0.2946 0.5174 0.9083 -0.9804 -0.8271 0.0136 0.0815 -0.5082 -0.0596 0.0151 -0.3203 
 185 0.7588 -0.1349 0.2066 -0.3016 -0.8873 0.2304 0.2618 0.2849 -0.0905 0.2805 0.5257 0.9048 -0.9536 -0.8156 0.0131 0.0825 -0.5164 -0.0608 0.0151 -0.3203 
 186 0.7654 -0.1352 0.1974 -0.2871 -0.8945 0.2324 0.2580 0.2846 -0.0936 0.2691 0.5333 0.8993 -0.9317 -0.8046 0.0128 0.0844 -0.5245 -0.0619 0.0149 -0.3204 
 187 0.7719 -0.1350 0.1893 -0.2723 -0.9008 0.2342 0.2554 0.2849 -0.0992 0.2605 0.5405 0.8924 -0.9159 -0.7946 0.0124 0.0870 -0.5334 -0.0630 0.0145 -0.3208 
 188 0.7785 -0.1344 0.1827 -0.2571 -0.9063 0.2360 0.2541 0.2855 -0.1060 0.2536 0.5478 0.8850 -0.9046 -0.7861 0.0119 0.0895 -0.5428 -0.0640 0.0141 -0.3211 
 189 0.7857 -0.1334 0.1779 -0.2415 -0.9112 0.2377 0.2529 0.2865 -0.1136 0.2474 0.5556 0.8773 -0.8964 -0.7795 0.0113 0.0917 -0.5515 -0.0650 0.0139 -0.3213 
 190 0.7931 -0.1322 0.1747 -0.2259 -0.9158 0.2394 0.2515 0.2878 -0.1216 0.2414 0.5644 0.8700 -0.8907 -0.7741 0.0105 0.0931 -0.5600 -0.0659 0.0139 -0.3217 
 191 0.8006 -0.1306 0.1727 -0.2106 -0.9200 0.2409 0.2493 0.2894 -0.1298 0.2350 0.5747 0.8635 -0.8865 -0.7695 0.0097 0.0934 -0.5682 -0.0667 0.0142 -0.3218 
 192 0.8082 -0.1283 0.1718 -0.1958 -0.9242 0.2421 0.2464 0.2906 -0.1384 0.2283 0.5862 0.8571 -0.8833 -0.7652 0.0090 0.0927 -0.5764 -0.0672 0.0148 -0.3219 
 193 0.8152 -0.1250 0.1710 -0.1818 -0.9281 0.2431 0.2433 0.2903 -0.1478 0.2213 0.5991 0.8506 -0.8805 -0.7606 0.0085 0.0914 -0.5850 -0.0671 0.0156 -0.3218 
 194 0.8215 -0.1202 0.1703 -0.1685 -0.9318 0.2433 0.2404 0.2877 -0.1580 0.2143 0.6128 0.8435 -0.8777 -0.7555 0.0082 0.0895 -0.5968 -0.0663 0.0165 -0.3216 
 195 0.8271 -0.1137 0.1694 -0.1554 -0.9354 0.2424 0.2376 0.2825 -0.1688 0.2077 0.6268 0.8356 -0.8747 -0.7501 0.0083 0.0886 -0.6063 -0.0651 0.0174 -0.3211 
 196 0.8322 -0.1053 0.1687 -0.1426 -0.9389 0.2401 0.2362 0.2752 -0.1801 0.2018 0.6404 0.8265 -0.8718 -0.7444 0.0088 0.0886 -0.6157 -0.0634 0.0184 -0.3204 
 197 0.8372 -0.0949 0.1683 -0.1294 -0.9424 0.2361 0.2359 0.2668 -0.1916 0.1967 0.6534 0.8158 -0.8691 -0.7388 0.0097 0.0896 -0.6251 -0.0611 0.0192 -0.3195 
 198 0.8424 -0.0823 0.1685 -0.1157 -0.9461 0.2303 0.2368 0.2589 -0.2027 0.1928 0.6655 0.8039 -0.8669 -0.7334 0.0109 0.0915 -0.6341 -0.0582 0.0199 -0.3184 
 199 0.8487 -0.0679 0.1701 -0.1012 -0.9503 0.2227 0.2374 0.2529 -0.2126 0.1898 0.6763 0.7905 -0.8650 -0.7278 0.0125 0.0939 -0.6414 -0.0546 0.0205 -0.3172 
 200 0.8561 -0.0517 0.1731 -0.0860 -0.9551 0.2136 0.2379 0.2500 -0.2214 0.1878 0.6860 0.7758 -0.8636 -0.7217 0.0143 0.0961 -0.6474 -0.0503 0.0209 -0.3161 
 201 0.8645 -0.0340 0.1774 -0.0703 -0.9605 0.2036 0.2381 0.2507 -0.2290 0.1866 0.6944 0.7595 -0.8625 -0.7146 0.0164 0.0976 -0.6529 -0.0451 0.0211 -0.3152 
 202 0.8737 -0.0151 0.1827 -0.0546 -0.9664 0.1931 0.2383 0.2545 -0.2349 0.1859 0.7015 0.7421 -0.8616 -0.7060 0.0188 0.0975 -0.6578 -0.0389 0.0212 -0.3144 
 203 0.8831 0.0048 0.1886 -0.0391 -0.9725 0.1828 0.2385 0.2596 -0.2393 0.1853 0.7074 0.7234 -0.8608 -0.6955 0.0215 0.0958 -0.6631 -0.0317 0.0213 -0.3139 
 204 0.8920 0.0253 0.1946 -0.0244 -0.9786 0.1729 0.2386 0.2647 -0.2425 0.1849 0.7118 0.7037 -0.8597 -0.6827 0.0243 0.0922 -0.6695 -0.0238 0.0214 -0.3134 
 205 0.8999 0.0461 0.2007 -0.0103 -0.9845 0.1635 0.2384 0.2682 -0.2447 0.1844 0.7151 0.6833 -0.8584 -0.6671 0.0273 0.0869 -0.6776 -0.0154 0.0216 -0.3130 
 206 0.9064 0.0668 0.2066 0.0028 -0.9899 0.1544 0.2377 0.2698 -0.2464 0.1839 0.7174 0.6626 -0.8568 -0.6481 0.0303 0.0800 -0.6873 -0.0066 0.0219 -0.3125 
 207 0.9114 0.0872 0.2121 0.0151 -0.9947 0.1453 0.2362 0.2695 -0.2486 0.1835 0.7190 0.6421 -0.8544 -0.6255 0.0332 0.0716 -0.6989 0.0023 0.0223 -0.3122 
 208 0.9144 0.1072 0.2168 0.0270 -0.9989 0.1354 0.2335 0.2679 -0.2517 0.1835 0.7204 0.6223 -0.8514 -0.5988 0.0360 0.0621 -0.7125 0.0111 0.0229 -0.3119 
 209 0.9158 0.1267 0.2209 0.0388 -1.0023 0.1242 0.2293 0.2656 -0.2559 0.1839 0.7216 0.6033 -0.8478 -0.5678 0.0386 0.0516 -0.7271 0.0196 0.0236 -0.3119 
 210 0.9159 0.1456 0.2245 0.0508 -1.0052 0.1110 0.2233 0.2629 -0.2615 0.1849 0.7228 0.5854 -0.8439 -0.5326 0.0410 0.0406 -0.7415 0.0277 0.0244 -0.3122 
 211 0.9147 0.1640 0.2273 0.0628 -1.0076 0.0956 0.2155 0.2601 -0.2683 0.1868 0.7239 0.5689 -0.8400 -0.4936 0.0430 0.0293 -0.7554 0.0352 0.0251 -0.3126 
 212 0.9125 0.1816 0.2297 0.0745 -1.0094 0.0781 0.2057 0.2567 -0.2761 0.1896 0.7248 0.5542 -0.8364 -0.4519 0.0447 0.0182 -0.7678 0.0419 0.0259 -0.3133 
 213 0.9095 0.1984 0.2322 0.0855 -1.0105 0.0584 0.1941 0.2521 -0.2845 0.1931 0.7253 0.5415 -0.8335 -0.4084 0.0459 0.0077 -0.7778 0.0477 0.0266 -0.3142 
 214 0.9059 0.2145 0.2350 0.0951 -1.0107 0.0369 0.1811 0.2458 -0.2931 0.1976 0.7256 0.5314 -0.8315 -0.3643 0.0467 -0.0020 -0.7848 0.0526 0.0273 -0.3152 
 215 0.9017 0.2296 0.2386 0.1028 -1.0099 0.0142 0.1671 0.2375 -0.3015 0.2028 0.7256 0.5245 -0.8303 -0.3210 0.0469 -0.0108 -0.7884 0.0563 0.0279 -0.3162 
 216 0.8969 0.2438 0.2433 0.1081 -1.0077 -0.0096 0.1527 0.2273 -0.3090 0.2085 0.7254 0.5211 -0.8302 -0.2796 0.0467 -0.0185 -0.7883 0.0590 0.0285 -0.3171 
 217 0.8921 0.2571 0.2499 0.1110 -1.0039 -0.0343 0.1387 0.2155 -0.3157 0.2147 0.7251 0.5215 -0.8307 -0.2411 0.0460 -0.0252 -0.7837 0.0606 0.0289 -0.3181 
 218 0.8874 0.2696 0.2588 0.1117 -0.9983 -0.0598 0.1258 0.2029 -0.3212 0.2211 0.7247 0.5259 -0.8316 -0.2061 0.0449 -0.0310 -0.7739 0.0613 0.0293 -0.3190 
 219 0.8825 0.2813 0.2696 0.1101 -0.9905 -0.0860 0.1147 0.1905 -0.3253 0.2276 0.7241 0.5339 -0.8329 -0.1747 0.0434 -0.0359 -0.7601 0.0611 0.0297 -0.3199 
 220 0.8768 0.2924 0.2819 0.1066 -0.9801 -0.1127 0.1054 0.1795 -0.3282 0.2341 0.7229 0.5451 -0.8345 -0.1470 0.0416 -0.0399 -0.7432 0.0602 0.0299 -0.3207 
 221 0.8700 0.3030 0.2953 0.1012 -0.9666 -0.1395 0.0983 0.1707 -0.3298 0.2406 0.7210 0.5591 -0.8366 -0.1226 0.0395 -0.0431 -0.7244 0.0585 0.0300 -0.3214 
 222 0.8612 0.3136 0.3086 0.0944 -0.9496 -0.1657 0.0934 0.1650 -0.3305 0.2473 0.7181 0.5752 -0.8390 -0.1015 0.0372 -0.0455 -0.7056 0.0561 0.0300 -0.3219 
 223 0.8499 0.3243 0.3212 0.0865 -0.9288 -0.1910 0.0907 0.1631 -0.3305 0.2540 0.7139 0.5928 -0.8419 -0.0838 0.0347 -0.0471 -0.6859 0.0531 0.0299 -0.3224 
 224 0.8359 0.3357 0.3327 0.0780 -0.9038 -0.2147 0.0900 0.1651 -0.3304 0.2610 0.7084 0.6114 -0.8453 -0.0691 0.0321 -0.0481 -0.6715 0.0497 0.0297 -0.3228 
 225 0.8192 0.3481 0.3427 0.0695 -0.8747 -0.2362 0.0911 0.1705 -0.3304 0.2683 0.7017 0.6308 -0.8490 -0.0576 0.0294 -0.0486 -0.6603 0.0460 0.0294 -0.3231 
 226 0.8000 0.3618 0.3512 0.0612 -0.8413 -0.2553 0.0933 0.1791 -0.3309 0.2758 0.6938 0.6505 -0.8527 -0.0494 0.0268 -0.0490 -0.6525 0.0423 0.0290 -0.3234 
 227 0.7785 0.3768 0.3584 0.0536 -0.8037 -0.2716 0.0964 0.1897 -0.3319 0.2836 0.6849 0.6705 -0.8564 -0.0442 0.0243 -0.0493 -0.6476 0.0388 0.0285 -0.3237 
 228 0.7558 0.3930 0.3651 0.0469 -0.7622 -0.2852 0.0998 0.2014 -0.3338 0.2917 0.6751 0.6907 -0.8597 -0.0420 0.0219 -0.0499 -0.6441 0.0357 0.0279 -0.3239 
 229 0.7319 0.4102 0.3713 0.0413 -0.7171 -0.2959 0.1033 0.2132 -0.3367 0.2999 0.6646 0.7110 -0.8627 -0.0427 0.0198 -0.0508 -0.6422 0.0331 0.0273 -0.3244 
 230 0.7067 0.4281 0.3767 0.0367 -0.6686 -0.3037 0.1065 0.2244 -0.3404 0.3084 0.6533 0.7315 -0.8654 -0.0463 0.0179 -0.0523 -0.6420 0.0310 0.0268 -0.3248 
 231 0.6802 0.4463 0.3815 0.0330 -0.6173 -0.3088 0.1093 0.2344 -0.3450 0.3172 0.6414 0.7520 -0.8681 -0.0526 0.0163 -0.0542 -0.6434 0.0294 0.0263 -0.3253 
 232 0.6526 0.4645 0.3855 0.0303 -0.5637 -0.3115 0.1119 0.2429 -0.3504 0.3263 0.6289 0.7726 -0.8707 -0.0614 0.0149 -0.0565 -0.6464 0.0283 0.0258 -0.3258 
 233 0.6241 0.4822 0.3892 0.0284 -0.5086 -0.3125 0.1145 0.2499 -0.3564 0.3355 0.6158 0.7930 -0.8734 -0.0729 0.0138 -0.0591 -0.6504 0.0277 0.0255 -0.3264 
 234 0.5949 0.4992 0.3926 0.0273 -0.4527 -0.3123 0.1175 0.2558 -0.3626 0.3447 0.6020 0.8133 -0.8760 -0.0871 0.0130 -0.0618 -0.6550 0.0275 0.0252 -0.3269 
 235 0.5657 0.5153 0.3962 0.0269 -0.3969 -0.3117 0.1211 0.2606 -0.3691 0.3539 0.5875 0.8332 -0.8787 -0.1042 0.0124 -0.0645 -0.6591 0.0276 0.0250 -0.3273 
 236 0.5370 0.5299 0.4008 0.0269 -0.3418 -0.3115 0.1254 0.2648 -0.3754 0.3624 0.5721 0.8523 -0.8813 -0.1243 0.0120 -0.0670 -0.6614 0.0280 0.0249 -0.3276 
 237 0.5091 0.5432 0.4063 0.0272 -0.2880 -0.3123 0.1304 0.2685 -0.3815 0.3707 0.5559 0.8707 -0.8836 -0.1473 0.0118 -0.0692 -0.6617 0.0286 0.0248 -0.3279 
 238 0.4822 0.5548 0.4132 0.0277 -0.2360 -0.3145 0.1362 0.2721 -0.3873 0.3782 0.5388 0.8881 -0.8856 -0.1732 0.0118 -0.0709 -0.6592 0.0294 0.0247 -0.3280 
 239 0.4562 0.5650 0.4212 0.0284 -0.1859 -0.3184 0.1426 0.2754 -0.3929 0.3851 0.5210 0.9044 -0.8873 -0.2018 0.0119 -0.0719 -0.6543 0.0302 0.0247 -0.3283 
 240 0.4312 0.5737 0.4304 0.0292 -0.1381 -0.3241 0.1494 0.2784 -0.3982 0.3913 0.5028 0.9199 -0.8886 -0.2331 0.0122 -0.0723 -0.6470 0.0310 0.0246 -0.3286 
 241 0.4071 0.5810 0.4406 0.0304 -0.0927 -0.3318 0.1563 0.2812 -0.4035 0.3971 0.4846 0.9347 -0.8896 -0.2666 0.0126 -0.0720 -0.6377 0.0319 0.0245 -0.3289 
 242 0.3836 0.5873 0.4514 0.0320 -0.0497 -0.3411 0.1628 0.2835 -0.4088 0.4025 0.4667 0.9488 -0.8903 -0.3019 0.0130 -0.0713 -0.6275 0.0328 0.0243 -0.3291 
 243 0.3610 0.5924 0.4627 0.0342 -0.0095 -0.3522 0.1685 0.2854 -0.4141 0.4074 0.4496 0.9624 -0.8908 -0.3388 0.0137 -0.0701 -0.6166 0.0339 0.0240 -0.3294 
 244 0.3390 0.5969 0.4743 0.0372 0.0280 -0.3647 0.1732 0.2869 -0.4193 0.4120 0.4336 0.9757 -0.8911 -0.3770 0.0144 -0.0688 -0.6056 0.0352 0.0237 -0.3296 
 245 0.3183 0.6005 0.4863 0.0412 0.0623 -0.3786 0.1768 0.2881 -0.4245 0.4159 0.4189 0.9883 -0.8907 -0.4162 0.0155 -0.0677 -0.5945 0.0370 0.0232 -0.3297 
 246 0.2986 0.6034 0.4983 0.0462 0.0933 -0.3937 0.1792 0.2890 -0.4293 0.4189 0.4057 1.0002 -0.8899 -0.4562 0.0167 -0.0669 -0.5836 0.0393 0.0226 -0.3297 
 247 0.2803 0.6053 0.5105 0.0521 0.1209 -0.4099 0.1804 0.2897 -0.4342 0.4215 0.3940 1.0112 -0.8884 -0.4965 0.0182 -0.0666 -0.5730 0.0422 0.0219 -0.3298 
 248 0.2626 0.6060 0.5222 0.0587 0.1452 -0.4266 0.1807 0.2904 -0.4390 0.4234 0.3838 1.0210 -0.8863 -0.5367 0.0199 -0.0669 -0.5635 0.0455 0.0210 -0.3299 
 249 0.2454 0.6054 0.5334 0.0659 0.1663 -0.4436 0.1801 0.2910 -0.4440 0.4248 0.3751 1.0296 -0.8835 -0.5761 0.0217 -0.0675 -0.5554 0.0492 0.0201 -0.3300 
