# Start Fri Feb 22 10:45:21 2013
#IN Humanoid0
#N neural_net sinecontroller
#N nn_end
# Recording every 1th dataset
# [Simulation Environment, $Id$][846930886]
#  cameraspeed=          100.000000  camera speed
#  fps=                   5.000000  frames per second
#  gravity=               -6.000000  strengh of gravity (-9.81 is earth gravity)
#  motionpersistence=      0.000000  motion blur strength
#  noise=                  0.010000  global noise strength
#  randomseed=           1361526320  random number seed (cmdline -r) (readonly)
#  realtimefactor=         1.000000  speed of simulation wrt. real time (0: full speed)
#  simstepsize=            0.010000  stepsize of the physical simulation (in seconds)
#  controlinterval=        3         interval in steps between subsequent controller calls
# ######
# [Humanoid0's Agent, ][1564292901]
# ######
# -[Humanoid0, 1.2][2083526671]
# - ankledamping=           0.010000  
# - anklejointlimit=        1.570796  
# - anklepower=             3.000000  
# - anklevelocity=         20.000000  
# - armdamping=             0.010000  
# - armjointlimit=          1.570796  
# - armpower=               8.000000  
# - armvelocity=           20.000000  
# - backdamping=            0.010000  
# - backjointlimit=         0.785398  
# - backpower=             20.000000  
# - backvelocity=          20.000000  
# - elbowdamping=           0.010000  
# - elbowjointlimit=        1.400000  
# - elbowpower=             4.000000  
# - elbowvelocity=         20.000000  
# - hip2damping=            0.010000  
# - hip2jointlimit=         0.800000  
# - hip2power=             20.000000  
# - hipdamping=             0.010000  
# - hipjointlimit=          2.100000  
# - hippower=              20.000000  
# - hipvelocity=           20.000000  
# - kneedamping=            0.010000  
# - kneejointlimit=         2.000000  
# - kneepower=             10.000000  
# - kneevelocity=          20.000000  
# - neckdamping=            0.010000  
# - neckjointlimit=         0.628319  
# - neckpower=              2.000000  
# - neckvelocity=          20.000000  
# - pelvisdamping=          0.010000  
# - pelvisjointlimit=       0.314159  
# - pelvispower=           20.000000  
# - pelvisvelocity=        20.000000  
# - powerfactor=            1.500000  global power factor for all motor
# - relforce=               1.000000  factor for arm force
# - stiffnessfactor=        0.000000  global stiffness factor for all motor (0-100)
# -######
# -[sinecontroller, $Id$][785774824]
# - amplitude=              1.000000  
# - period=                50.000000  
# - phaseshift=             1.000000  
# - controljoint=          -1         select specific channel. (-1 means use controlmask)
# -######
#I D t time (s)
#I [Humanoid0] D x[0] hip left sagital
#I [Humanoid0] D x[1] hip left lateral
#I [Humanoid0] D x[2] hip right sagital
#I [Humanoid0] D x[3] hip right lateral
#I [Humanoid0] D x[4] knee left
#I [Humanoid0] D x[5] knee right
#I [Humanoid0] D x[6] ankle left
#I [Humanoid0] D x[7] ankle right
#I [Humanoid0] D x[8] shoulder left lateral
#I [Humanoid0] D x[9] shoulder left sagital
#I [Humanoid0] D x[10] shoulder right lateral
#I [Humanoid0] D x[11] shoulder right sagital
#I [Humanoid0] D x[12] elbow left
#I [Humanoid0]inter D x[13] elbow right
#I [Humanoid0] D x[14] pelvis
#I [Humanoid0] D x[15] back (torsion)
#I [Humanoid0] D x[16] back (bend back/front)
#I [Humanoid0] D x[17] back (bend left/right)
#I [Humanoid0] D x[18] head (left/right)
#I [Humanoid0] D x[19] head (back/front)
#I [One2OneWiring] D x_ sensor values
#I [One2OneWiring] D y_ motor values (controller output)
#######
#C t y[0] y[1] y[2] y[3] y[4] y[5] y[6] y[7] y[8] y[9] y[10] y[11] y[12] y[13] y[14] y[15] y[16] y[17] y[18] y[19] 
#0 0.5 0 0.5 0 -0.1 -0.35 -0.2 -0.2 0 0 0 0 0 0 0 -0.2 -0.65 0 0 0
#0 0.8 0 0.35 0 -0.7 -0.35 -0.2 -0.2 -1 0 0 0 0 0 0 -0.2 -0.65 0 0 0
#0 0.5 0 0.5 0 -0.1 -0.35 -0.2 -0.2 0 0 0 0 0 0 0 -0.2 -0.65 0 0 0
#0 0.35 0 0.8 0 -0.35 -0.7 -0.2 -0.2 0 0 -1 0 0 0 0 -0.2 -0.65 0 0 0
0 0.5 0 0.5 0 -0.1 -0.35 -0.2 -0.2 0 0 0 0 0 0 0 -0.2 -0.65 0 0 0
0 0.5 0 0.5 0 -0.1 -0.35 -0.2 -0.2 0 0 0 0 0 0 0 -0.2 -0.65 0 0 0
0 0.5 0 0.5 0 -0.1 -0.35 -0.2 -0.2 0 0 0 0 0 0 0 -0.2 -0.65 0 0 0
0 0.5 0 0.5 0 -0.1 -0.35 -0.2 -0.2 0 0 0 0 0 0 0 -0.2 -0.65 0 0 0
0 0.5 0 0.5 0 -0.1 -0.35 -0.2 -0.2 0 0 0 0 0 0 0 -0.2 -0.65 0 0 0
0 0.5 0 0.5 0 -0.1 -0.35 -0.2 -0.2 0 0 0 0 0 0 0 -0.2 -0.65 0 0 0
0 0.5 0 0.5 0 -0.1 -0.35 -0.2 -0.2 0 0 0 0 0 0 0 -0.2 -0.65 0 0 0
0 0.5 0 0.5 0 -0.1 -0.35 -0.2 -0.2 0 0 0 0 0 0 0 -0.2 -0.65 0 0 0
0 0.5 0 0.5 0 -0.1 -0.35 -0.2 -0.2 0 0 0 0 0 0 0 -0.2 -0.65 0 0 0
0 0.5 0 0.5 0 -0.1 -0.35 -0.2 -0.2 0 0 0 0 0 0 0 -0.2 -0.65 0 0 0
0 0.5 0 0.5 0 -0.1 -0.35 -0.2 -0.2 0 0 0 0 0 0 0 -0.2 -0.65 0 0 0
0 0.5 0 0.5 0 -0.1 -0.35 -0.2 -0.2 0 0 0 0 0 0 0 -0.2 -0.65 0 0 0
0 0.5 0 0.5 0 -0.1 -0.35 -0.2 -0.2 0 0 0 0 0 0 0 -0.2 -0.65 0 0 0
0 0.5 0 0.5 0 -0.1 -0.35 -0.2 -0.2 0 0 0 0 0 0 0 -0.2 -0.65 0 0 0
0 0.5 0 0.5 0 -0.1 -0.35 -0.2 -0.2 0 0 0 0 0 0 0 -0.2 -0.65 0 0 0
0 0.5 0 0.5 0 -0.1 -0.35 -0.2 -0.2 0 0 0 0 0 0 0 -0.2 -0.65 0 0 0
0 0.5 0 0.5 0 -0.1 -0.35 -0.2 -0.2 0 0 0 0 0 0 0 -0.2 -0.65 0 0 0
0 0.5 0 0.5 0 -0.1 -0.35 -0.2 -0.2 0 0 0 0 0 0 0 -0.2 -0.65 0 0 0
0 0.5 0 0.5 0 -0.1 -0.35 -0.2 -0.2 0 0 0 0 0 0 0 -0.2 -0.65 0 0 0
0 0.5 0 0.5 0 -0.1 -0.35 -0.2 -0.2 0 0 0 0 0 0 0 -0.2 -0.65 0 0 0
0 0.5 0 0.5 0 -0.1 -0.35 -0.2 -0.2 0 0 0 0 0 0 0 -0.2 -0.65 0 0 0
0 0.5 0 0.5 0 -0.1 -0.35 -0.2 -0.2 0 0 0 0 0 0 0 -0.2 -0.65 0 0 0
0 0.5 0 0.5 0 -0.1 -0.35 -0.2 -0.2 0 0 0 0 0 0 0 -0.2 -0.65 0 0 0
0 0.5 0 0.5 0 -0.1 -0.35 -0.2 -0.2 0 0 0 0 0 0 0 -0.2 -0.65 0 0 0
0 0.5 0 0.5 0 -0.1 -0.35 -0.2 -0.2 0 0 0 0 0 0 0 -0.2 -0.65 0 0 0
0 0.5 0 0.5 0 -0.1 -0.35 -0.2 -0.2 0 0 0 0 0 0 0 -0.2 -0.65 0 0 0
0 0.5 0 0.5 0 -0.1 -0.35 -0.2 -0.2 0 0 0 0 0 0 0 -0.2 -0.65 0 0 0
0 0.5 0 0.5 0 -0.1 -0.35 -0.2 -0.2 0 0 0 0 0 0 0 -0.2 -0.65 0 0 0
0 0.5 0 0.5 0 -0.1 -0.35 -0.2 -0.2 0 0 0 0 0 0 0 -0.2 -0.65 0 0 0
0 0.5 0 0.5 0 -0.1 -0.35 -0.2 -0.2 0 0 0 0 0 0 0 -0.2 -0.65 0 0 0
0 0.5 0 0.5 0 -0.1 -0.35 -0.2 -0.2 0 0 0 0 0 0 0 -0.2 -0.65 0 0 0
0 0.5 0 0.5 0 -0.1 -0.35 -0.2 -0.2 0 0 0 0 0 0 0 -0.2 -0.65 0 0 0
0 0.5 0 0.5 0 -0.1 -0.35 -0.2 -0.2 0 0 0 0 0 0 0 -0.2 -0.65 0 0 0
0 0.5 0 0.5 0 -0.1 -0.35 -0.2 -0.2 0 0 0 0 0 0 0 -0.2 -0.65 0 0 0
0 0.5 0 0.5 0 -0.1 -0.35 -0.2 -0.2 0 0 0 0 0 0 0 -0.2 -0.65 0 0 0
0 0.5 0 0.5 0 -0.1 -0.35 -0.2 -0.2 0 0 0 0 0 0 0 -0.2 -0.65 0 0 0
0 0.5 0 0.5 0 -0.1 -0.35 -0.2 -0.2 0 0 0 0 0 0 0 -0.2 -0.65 0 0 0
0 0.5 0 0.5 0 -0.1 -0.35 -0.2 -0.2 0 0 0 0 0 0 0 -0.2 -0.65 0 0 0
0 0.5 0 0.5 0 -0.1 -0.35 -0.2 -0.2 0 0 0 0 0 0 0 -0.2 -0.65 0 0 0
0 0.5 0 0.5 0 -0.1 -0.35 -0.2 -0.2 0 0 0 0 0 0 0 -0.2 -0.65 0 0 0
0 0.5 0 0.5 0 -0.1 -0.35 -0.2 -0.2 0 0 0 0 0 0 0 -0.2 -0.65 0 0 0
0 0.5 0 0.5 0 -0.1 -0.35 -0.2 -0.2 0 0 0 0 0 0 0 -0.2 -0.65 0 0 0
0 0.5 0 0.5 0 -0.1 -0.35 -0.2 -0.2 0 0 0 0 0 0 0 -0.2 -0.65 0 0 0
0 0.5 0 0.5 0 -0.1 -0.35 -0.2 -0.2 0 0 0 0 0 0 0 -0.2 -0.65 0 0 0
0 0.5 0 0.5 0 -0.1 -0.35 -0.2 -0.2 0 0 0 0 0 0 0 -0.2 -0.65 0 0 0
0 0.5 0 0.5 0 -0.1 -0.35 -0.2 -0.2 0 0 0 0 0 0 0 -0.2 -0.65 0 0 0
0 0.5 0 0.5 0 -0.1 -0.35 -0.2 -0.2 0 0 0 0 0 0 0 -0.2 -0.65 0 0 0
0 0.5 0 0.5 0 -0.1 -0.35 -0.2 -0.2 0 0 0 0 0 0 0 -0.2 -0.65 0 0 0
0 0.5 0 0.5 0 -0.1 -0.35 -0.2 -0.2 0 0 0 0 0 0 0 -0.2 -0.65 0 0 0
0 0.5 0 0.5 0 -0.1 -0.35 -0.2 -0.2 0 0 0 0 0 0 0 -0.2 -0.65 0 0 0
0 0.5 0 0.5 0 -0.1 -0.35 -0.2 -0.2 0 0 0 0 0 0 0 -0.2 -0.65 0 0 0
0 0.5 0 0.5 0 -0.1 -0.35 -0.2 -0.2 0 0 0 0 0 0 0 -0.2 -0.65 0 0 0
0 0.5 0 0.5 0 -0.1 -0.35 -0.2 -0.2 0 0 0 0 0 0 0 -0.2 -0.65 0 0 0
0 0.5 0 0.5 0 -0.1 -0.35 -0.2 -0.2 0 0 0 0 0 0 0 -0.2 -0.65 0 0 0
0 0.5 0 0.5 0 -0.1 -0.35 -0.2 -0.2 0 0 0 0 0 0 0 -0.2 -0.65 0 0 0
0 0.5 0 0.5 0 -0.1 -0.35 -0.2 -0.2 0 0 0 0 0 0 0 -0.2 -0.65 0 0 0
0 0.5 0 0.5 0 -0.1 -0.35 -0.2 -0.2 0 0 0 0 0 0 0 -0.2 -0.65 0 0 0
0 0.5 0 0.5 0 -0.1 -0.35 -0.2 -0.2 0 0 0 0 0 0 0 -0.2 -0.65 0 0 0
0 0.5 0 0.5 0 -0.1 -0.35 -0.2 -0.2 0 0 0 0 0 0 0 -0.2 -0.65 0 0 0
0 0.5 0 0.5 0 -0.1 -0.35 -0.2 -0.2 0 0 0 0 0 0 0 -0.2 -0.65 0 0 0
0 0 0 0 0 0 0 0 0 0 0 0 0 0 0 0 -0.2 -0.65 0 0 0
0 0 0 0 0 0 0 0 0 0 0 0 0 0 0 0 -0.2 -0.65 0 0 0
0 0 0 0 0 0 0 0 0 0 0 0 0 0 0 0 -0.2 -0.65 0 0 0
0 0 0 0 0 0 0 0 0 0 0 0 0 0 0 0 -0.2 -0.65 0 0 0
0 0 0 0 0 0 0 0 0 0 0 0 0 0 0 0 -0.2 -0.65 0 0 0
0 0 0 0 0 0 0 0 0 0 0 0 0 0 0 0 -0.2 -0.65 0 0 0
0 0 0 0 0 0 0 0 0 0 0 0 0 0 0 0 -0.2 -0.65 0 0 0
0 0 0 0 0 0 0 0 0 0 0 0 0 0 0 0 -0.2 -0.65 0 0 0
0 0 0 0 0 0 0 0 0 0 0 0 0 0 0 0 -0.2 -0.65 0 0 0
0 0 0 0 0 0 0 0 0 0 0 0 0 0 0 0 -0.2 -0.65 0 0 0
0 0 0 0 0 0 0 0 0 0 0 0 0 0 0 0 -0.2 -0.65 0 0 0
0 0 0 0 0 0 0 0 0 0 0 0 0 0 0 0 -0.2 -0.65 0 0 0
0 0 0 0 0 0 0 0 0 0 0 0 0 0 0 0 -0.2 -0.65 0 0 0
0 0 0 0 0 0 0 0 0 0 0 0 0 0 0 0 -0.2 -0.65 0 0 0
0 0 0 0 0 0 0 0 0 0 0 0 0 0 0 0 -0.2 -0.65 0 0 0
0 0 0 0 0 0 0 0 0 0 0 0 0 0 0 0 -0.2 -0.65 0 0 0
0 0 0 0 0 0 0 0 0 0 0 0 0 0 0 0 -0.2 -0.65 0 0 0
0 0 0 0 0 0 0 0 0 0 0 0 0 0 0 0 -0.2 -0.65 0 0 0
0 0 0 0 0 0 0 0 0 0 0 0 0 0 0 0 -0.2 -0.65 0 0 0
0 0 0 0 0 0 0 0 0 0 0 0 0 0 0 0 -0.2 -0.65 0 0 0
0 0 0 0 0 0 0 0 0 0 0 0 0 0 0 0 -0.2 -0.65 0 0 0
0 0 0 0 0 0 0 0 0 0 0 0 0 0 0 0 -0.2 -0.65 0 0 0
0 0 0 0 0 0 0 0 0 0 0 0 0 0 0 0 -0.2 -0.65 0 0 0
0 0 0 0 0 0 0 0 0 0 0 0 0 0 0 0 -0.2 -0.65 0 0 0
0 0 0 0 0 0 0 0 0 0 0 0 0 0 0 0 -0.2 -0.65 0 0 0
0 0 0 0 0 0 0 0 0 0 0 0 0 0 0 0 -0.2 -0.65 0 0 0
0 0 0 0 0 0 0 0 0 0 0 0 0 0 0 0 -0.2 -0.65 0 0 0
0 0 0 0 0 0 0 0 0 0 0 0 0 0 0 0 -0.2 -0.65 0 0 0
0 0 0 0 0 0 0 0 0 0 0 0 0 0 0 0 -0.2 -0.65 0 0 0
0 0 0 0 0 0 0 0 0 0 0 0 0 0 0 0 -0.2 -0.65 0 0 0
0 0 0 0 0 0 0 0 0 0 0 0 0 0 0 0 -0.2 -0.65 0 0 0
0 0 0 0 0 0 0 0 0 0 0 0 0 0 0 0 -0.2 -0.65 0 0 0
0 0 0 0 0 0 0 0 0 0 0 0 0 0 0 0 -0.2 -0.65 0 0 0
0 0 0 0 0 0 0 0 0 0 0 0 0 0 0 0 -0.2 -0.65 0 0 0
0 0 0 0 0 0 0 0 0 0 0 0 0 0 0 0 -0.2 -0.65 0 0 0
0 0 0 0 0 0 0 0 0 0 0 0 0 0 0 0 -0.2 -0.65 0 0 0
0 0 0 0 0 0 0 0 0 0 0 0 0 0 0 0 -0.2 -0.65 0 0 0
0 0 0 0 0 0 0 0 0 0 0 0 0 0 0 0 -0.2 -0.65 0 0 0
0 0 0 0 0 0 0 0 0 0 0 0 0 0 0 0 -0.2 -0.65 0 0 0
0 0 0 0 0 0 0 0 0 0 0 0 0 0 0 0 -0.2 -0.65 0 0 0
0 0 0 0 0 0 0 0 0 0 0 0 0 0 0 0 -0.2 -0.65 0 0 0
0 0 0 0 0 0 0 0 0 0 0 0 0 0 0 0 -0.2 -0.65 0 0 0
0 0 0 0 0 0 0 0 0 0 0 0 0 0 0 0 -0.2 -0.65 0 0 0
0 0 0 0 0 0 0 0 0 0 0 0 0 0 0 0 -0.2 -0.65 0 0 0
0 0 0 0 0 0 0 0 0 0 0 0 0 0 0 0 -0.2 -0.65 0 0 0
0 0 0 0 0 0 0 0 0 0 0 0 0 0 0 0 -0.2 -0.65 0 0 0
0 0 0 0 0 0 0 0 0 0 0 0 0 0 0 0 -0.2 -0.65 0 0 0
0 0 0 0 0 0 0 0 0 0 0 0 0 0 0 0 -0.2 -0.65 0 0 0
0 0 0 0 0 0 0 0 0 0 0 0 0 0 0 0 -0.2 -0.65 0 0 0
0 0 0 0 0 0 0 0 0 0 0 0 0 0 0 0 -0.2 -0.65 0 0 0
0 0 0 0 0 0 0 0 0 0 0 0 0 0 0 0 -0.2 -0.65 0 0 0
0 0 0 0 0 0 0 0 0 0 0 0 0 0 0 0 -0.2 -0.65 0 0 0
0 0 0 0 0 0 0 0 0 0 0 0 0 0 0 0 -0.2 -0.65 0 0 0
0 0 0 0 0 0 0 0 0 0 0 0 0 0 0 0 -0.2 -0.65 0 0 0
0 0 0 0 0 0 0 0 0 0 0 0 0 0 0 0 -0.2 -0.65 0 0 0
0 0 0 0 0 0 0 0 0 0 0 0 0 0 0 0 -0.2 -0.65 0 0 0
0 0 0 0 0 0 0 0 0 0 0 0 0 0 0 0 -0.2 -0.65 0 0 0
0 0 0 0 0 0 0 0 0 0 0 0 0 0 0 0 -0.2 -0.65 0 0 0
0 0 0 0 0 0 0 0 0 0 0 0 0 0 0 0 -0.2 -0.65 0 0 0
0 0 0 0 0 0 0 0 0 0 0 0 0 0 0 0 -0.2 -0.65 0 0 0
